<?xml version="1.0" encoding="UTF-8"?>
<testsuite xmlns:xsi="http://www.w3.org/2001/XMLSchema-instance" xsi:noNamespaceSchemaLocation="https://maven.apache.org/surefire/maven-surefire-plugin/xsd/surefire-test-report.xsd" name="TestSuite" time="71.766" tests="4" errors="0" skipped="0" failures="1">
  <properties>
[...]
</properties>
  <testcase name="flipcartMethod" classname="com.test.MultipleClasses" time="27.936"/>
  <testcase name="amazon" classname="com.test.MultipleClasses" time="27.487"/>
  <testcase name="SelectDropDown" classname="com.test.MultiPgm" time="0.658">
    <failure message="Cannot locate option with value: search-alias=mobilesss-apps&#10;For documentation on this error, please visit: https://www.selenium.dev/documentation/webdriver/troubleshooting/errors#no-such-element-exception&#10;Build info: version: &apos;4.21.0&apos;, revision: &apos;79ed462ef4&apos;&#10;System info: os.name: &apos;Windows 10&apos;, os.arch: &apos;amd64&apos;, os.version: &apos;10.0&apos;, java.version: &apos;17.0.9&apos;&#10;Driver info: driver.version: unknown" type="org.openqa.selenium.NoSuchElementException">org.openqa.selenium.NoSuchElementException: 
Cannot locate option with value: search-alias=mobilesss-apps
For documentation on this error, please visit: https://www.selenium.dev/documentation/webdriver/troubleshooting/errors#no-such-element-exception
Build info: version: '4.21.0', revision: '79ed462ef4'
System info: os.name: 'Windows 10', os.arch: 'amd64', os.version: '10.0', java.version: '17.0.9'
Driver info: driver.version: unknown
	at com.test.MultiPgm.SelectDropDown(MultiPgm.java:44)
</failure>
    <system-out><![CDATA[https://www.amazon.in/
]]></system-out>
  </testcase>
  <testcase name="AdvanceDropDown" classname="com.test.MultiPgm" time="5.116"/>
</testsuite>